938944000 13 93230992 32 0
939855000 13 213913104 16 0
941044000 13 305785200 16 1
941495000 13 247725136 16 0
941784000 13 213437488 16 0
942336000 13 183768096 16 1
942394000 13 328362736 16 1
943273000 13 201308096 16 0
944220000 13 200733440 16 1
944889000 13 314285936 16 1
944937000 13 373908720 16 1
945565000 13 376214608 16 0
945906000 13 246569120 16 0
945926000 13 330279744 16 0
945936000 13 208490208 16 0
946389000 13 285405552 16 1
946467000 13 186015072 16 0
946477000 13 284802096 16 0
946642000 13 236691696 16 0
946885000 13 199262096 16 1
947270000 13 358784896 16 1
947281000 13 227226768 16 0
947682000 13 173331344 16 0
947695000 13 179380896 16 0
947803000 13 183610576 16 1
948186000 13 165655472 16 1
948442000 13 347696368 16 1
948548000 13 368490208 16 1
948988000 13 343640224 16 1
949407000 13 180019120 16 1
949460000 13 281481744 16 1
950763000 13 260896288 16 0
950905000 13 271283776 16 1
951453000 13 334265744 16 1
951506000 13 179187600 16 1
951563000 13 346539136 16 1
952924000 13 368942704 16 0
952979000 13 366058320 16 0
953125000 13 190516768 16 1
953628000 13 173903968 16 1
953695000 13 318060528 16 1
954426000 13 303602560 16 1
954542000 13 190433392 16 0
955461000 13 290110320 16 1
955527000 13 193960512 16 1
955587000 13 349152224 16 1
955729000 13 344154128 16 1
955877000 13 93788752 16 0
955989000 13 236402448 16 1
956432000 13 215475360 16 0
956505000 13 91659664 16 0
957401000 13 375840128 16 0
957518000 13 169681616 16 1
957582000 13 226546000 16 1
958194000 13 207212336 16 0
958456000 13 99024224 16 1
958923000 13 197829216 16 1
960023000 13 169517664 16 0
960035000 13 365717216 16 1
960388000 13 20700528 16 1
960443000 13 300151424 16 1
960921000 13 308315216 16 0
961045000 13 371758976 16 1
961197000 13 92613904 16 1
961266000 13 327844368 16 1
961493000 13 247417168 16 0
961506000 13 260702672 16 0
961614000 13 184060224 16 1
961669000 13 233378320 16 0
961682000 13 351896208 16 1
961686000 13 232271920 16 0
962814000 13 258828976 16 1
963123000 13 92045232 16 1
963179000 13 272610448 16 1
964017000 13 242245328 16 1
964369000 13 208483664 16 0
964444000 13 236176096 16 0
964631000 13 257422816 16 1
964962000 13 231536928 16 1
965077000 13 373688992 16 1
965384000 13 180240032 16 1
965501000 13 172823184 16 1
965554000 13 171880912 16 1
965800000 13 172940688 16 0
967857000 13 271749776 16 0
967873000 13 226206064 16 0
967973000 13 238952960 16 1
969108000 13 240431440 16 1
970017000 13 308401040 16 0
970036000 13 267391248 16 0
970281000 13 345924640 16 0
970464000 13 359346144 16 1
970516000 13 224337664 16 1
970591000 13 99120624 16 1
970850000 13 236352864 16 0
970866000 13 194734992 16 0
971049000 13 213092304 16 1
971223000 13 218792592 16 1
971280000 13 159342256 16 1
971412000 13 190807984 16 0
971545000 13 92602480 16 1
971871000 13 92087248 16 0
972244000 13 190020160 16 0
972359000 13 194769056 16 1
972414000 13 159915488 16 1
972474000 13 156114080 16 1
973201000 13 1683888 16 1
973559000 13 92765040 16 0
973741000 13 369686784 16 0
973884000 13 207270304 16 1
973991000 13 368410800 16 1
974621000 13 240868080 16 1
975186000 13 327833616 16 1
975884000 13 170829184 16 1
976008000 13 156728208 16 1
976214000 13 224251936 16 0
976479000 13 308257312 16 0
976600000 13 252117568 16 1
976686000 13 259872864 16 1
976740000 13 332819744 16 1
977397000 13 334513040 16 1
977457000 13 251664560 16 1
977543000 13 93095872 16 1
978031000 13 343341520 16 0
978159000 13 199921872 16 1
978285000 13 92870656 16 1
978495000 13 246856208 16 0
978567000 13 166241136 16 0
978661000 13 94200304 16 0
978877000 13 370566336 16 0
979181000 13 170406096 16 1
979378000 13 204266896 16 1
979758000 13 155004608 16 1
979768000 13 198665232 16 0
979901000 13 338821408 16 1
979961000 13 211518288 16 1
980173000 13 192790032 16 1
980405000 13 94097568 16 0
981170000 13 93357184 16 0
981451000 13 349211424 16 1
981514000 13 33271376 16 0
981523000 13 213972608 16 0
981528000 13 347702608 16 1
981998000 13 95017728 16 1
982052000 13 93039904 16 1
982600000 13 212986368 16 1
982664000 13 322399792 16 1
983107000 13 240163568 16 1
983369000 13 93685408 16 0
984210000 13 226914912 16 1
985150000 13 159158640 16 1
985209000 13 336473424 16 1
985538000 13 173984336 16 0
985586000 13 250877376 16 0
985833000 13 193058080 16 0
985910000 13 275496432 16 0
986271000 13 157300592 16 1
986372000 13 229141216 16 0
986595000 13 93652864 16 0
986902000 13 226926032 16 1
987120000 13 213144448 16 1
987176000 13 360531744 16 1
987233000 13 170782480 16 1
988089000 13 158534400 16 1
988145000 13 94585312 16 1
988295000 13 174425920 16 1
988723000 13 173553168 16 0
988828000 13 183593440 16 0
988903000 13 179189472 16 1
989224000 13 291387280 16 0
989238000 13 182704224 16 1
990017000 13 38207488 16 1
990074000 13 3988288 16 1
990172000 13 93843760 16 1
990648000 13 91627264 32 0
990690000 13 308788528 16 0
991157000 13 216341744 16 1
991166000 13 186029408 16 0
991398000 13 238693792 16 0
991426000 13 250082208 16 0
992157000 13 276998512 16 1
992210000 13 346429296 16 1
993164000 13 367495200 16 1
993215000 13 182660832 16 1
994323000 13 193971296 16 0
994337000 13 239294576 16 0
994462000 13 170171344 16 1
994537000 13 172171952 16 1
994575000 13 172335344 16 1
995101000 13 318195296 16 0
995222000 13 193203696 16 1
995687000 13 188930960 16 1
996391000 13 94636960 16 1
996511000 13 190520848 16 1
996873000 13 181550208 16 0
997164000 13 344504400 16 0
997399000 13 185117472 16 0
997825000 13 339761936 16 1
998248000 13 226855584 16 1
998391000 13 158118256 16 1
998854000 13 177917328 16 0
999145000 13 190030576 16 0
999380000 13 94872304 16 0
999804000 13 354020800 16 1
999858000 13 164942800 16 1
1000309000 13 360470240 16 1
1000470000 13 178314480 16 1
1000736000 13 173350816 16 0
1000777000 13 201911536 16 0
1001047000 13 329256624 16 1
1001351000 13 322972080 16 0
1001365000 13 320247280 16 1
1002220000 13 250082256 16 1
1002280000 13 327358400 16 1
1002355000 13 171400080 16 1
1002464000 13 311685424 16 1
1002584000 13 156637968 16 1
1002977000 13 95152304 16 1
1003308000 13 300701104 16 1
1003568000 13 228659872 16 0
1003872000 13 252355744 16 1
1004065000 13 232624736 16 0
1004777000 13 193649104 32 0
1004793000 13 99402080 16 1
1005062000 13 232507056 16 1
1005709000 13 323055168 16 1
1005766000 13 167283104 16 1
1005992000 13 163777168 16 0
1006007000 13 346459840 16 1
1006775000 13 339983632 16 1
1006881000 13 376204896 16 1
1007003000 13 186091408 16 0
1007528000 13 169496640 16 1
1007985000 13 267192128 16 1
1008040000 13 343979568 16 1
1008104000 13 191460720 16 1
1008736000 13 243751792 16 0
1008746000 13 283682048 16 0
1008851000 13 166526256 16 1
1008995000 13 244238848 16 0
1009065000 13 311384416 16 0
1009493000 13 291120848 16 1
1009607000 13 345562240 16 0
1010012000 13 211689616 16 1
1011449000 13 159553792 16 0
1012231000 13 168520000 16 1
1012289000 13 218394400 16 1
1012341000 13 292453744 16 1
1012631000 13 363258464 16 1
1013277000 13 305807280 16 0
1013350000 13 286658320 16 0
1013372000 13 164865456 16 0
1013398000 13 159122816 16 0
1013886000 13 186433088 16 1
1014023000 13 310811056 16 1
1014220000 13 295010576 16 0
1014326000 13 13255968 16 1
1014587000 13 361443200 16 1
1014766000 13 187899888 16 1
1015015000 13 98973920 16 1
1015557000 13 191488816 16 1
1015873000 13 163504704 16 0
1015888000 13 229729072 16 1
1016038000 13 193598880 16 1
1016374000 13 176622032 16 0
1017136000 13 94714256 32 0
1017830000 13 235058544 16 1
1017940000 13 360533744 16 1
1018459000 13 344502080 16 1
1018681000 13 93471584 16 1
1019573000 13 329775072 16 0
1019930000 13 346283824 16 1
1020389000 13 344635184 16 0
1020556000 13 155851248 16 0
1020774000 13 261969600 16 1
1021339000 13 95633824 16 0
1021381000 13 226132080 16 0
1021477000 13 227542992 16 0
1021563000 13 330402144 16 0
1022278000 13 90730608 16 1
1022346000 13 305538608 16 1
1022404000 13 303495088 16 1
1022701000 13 310963488 16 1
1023326000 13 12608016 16 0
1023339000 13 215481552 16 0
1023480000 13 280047536 16 1
1023632000 13 346158080 16 0
1023690000 13 229054176 16 0
1023699000 13 205678256 16 0
1023857000 13 235520400 16 0
1024567000 13 373087008 16 1
1024908000 13 92440608 16 0
1025027000 13 169861504 16 1
1026153000 13 94645920 16 0
1026379000 13 225566224 16 1
1026436000 13 330097056 16 1
1026766000 13 372915920 16 1
1027186000 13 274668128 16 0
1027799000 13 189004352 16 1
1028413000 13 289105856 16 0
1028584000 13 250867088 16 1
1028641000 13 190783488 16 1
1028700000 13 289075216 16 1
1028753000 13 211651088 16 1
1029214000 13 155851840 16 0
1029433000 13 180198448 16 1
1029493000 13 244768592 16 1
1029606000 13 93191856 16 0
1029640000 13 320743744 16 0
1029820000 13 318060064 16 0
1030496000 13 370099312 16 1
1031111000 13 216630800 16 1
1031163000 13 204128720 16 1
1031217000 13 195926048 16 1
1031941000 13 271825904 16 1
1032043000 13 225417664 16 0
1032143000 13 378451488 16 1
1032294000 13 228090208 16 1
1032353000 13 156024128 16 1
1033153000 13 155963584 16 0
1033288000 13 191463312 16 1
1033352000 13 195615936 16 1
1033799000 13 308399072 16 1
1033859000 13 179278496 16 1
1033940000 13 186186448 16 1
1034206000 13 235740032 16 1
1034532000 13 280749504 16 1
1034780000 13 228370672 16 1
1036264000 13 162313472 16 1
1036322000 13 170224128 16 1
1036382000 13 219203344 16 1
1036436000 13 164144768 16 1
1036476000 13 238030656 16 0
1036490000 13 95984992 16 0
1036502000 13 261236272 16 0
1036538000 13 200561280 16 1
1036610000 13 289262608 16 0
1037319000 13 344336144 16 1
1037525000 13 286172256 16 0
1038588000 13 228194992 16 0
1038887000 13 335054784 16 1
1039403000 13 244159536 16 1
1039460000 13 260131968 16 1
1040196000 13 92400112 16 0
1040404000 13 163732992 16 0
1040448000 13 95663744 16 0
1040781000 13 94121776 16 0
1041009000 13 221889296 16 0
1041040000 13 240433200 16 0
1041376000 13 154398208 16 0
1041629000 13 345253184 16 1
1041995000 13 94987072 16 0
1042656000 13 180849424 16 0
1043691000 13 348108592 16 1
1044328000 13 169942592 16 0
1044342000 13 183638560 16 1
1044844000 13 213428480 16 1
1044900000 13 285234528 16 1
1044955000 13 319509584 16 1
1045254000 13 173017168 16 0
1046014000 13 93036656 16 1
1046193000 13 359502864 16 0
1046614000 13 350473696 16 1
1047378000 13 217954960 16 0
1047530000 13 204231536 16 1
1047592000 13 261947808 16 1
1047647000 13 361887536 16 1
1048099000 13 345730768 16 0
1048109000 13 369924528 16 1
1048522000 13 211545888 16 0
1048531000 13 232791696 32 0
1048699000 13 346453856 16 1
1049180000 13 179191776 16 1
1050660000 13 94909936 16 1
1050893000 13 182780832 16 0
1051348000 13 94742528 16 0
1051626000 13 306008656 16 1
1051810000 13 169509664 16 1
1053348000 13 265865888 16 1
1053384000 13 214574992 16 1
1053440000 13 192954560 16 0
1053454000 13 156069936 16 1
1053879000 13 199173136 16 0
1054054000 13 156034544 16 0
1055892000 13 233239312 16 1
1056893000 13 8616928 16 1
1057292000 13 226307808 16 1
1057454000 13 309870304 16 1
1057506000 13 229470064 16 1
1057681000 13 247688912 16 1
1058172000 13 328930528 16 0
1058373000 13 180441568 16 0
1058406000 13 223916288 16 0
1058702000 13 199403520 16 1
1058758000 13 189655680 16 1
1059136000 13 334615488 16 1
1059536000 13 306798640 16 0
1059603000 13 262522848 16 0
1059855000 13 307160464 16 1
1059948000 13 91276288 32 0
1059964000 13 204940672 16 1
1060420000 13 275329664 16 1
1060770000 13 184448192 16 1
1061522000 13 233879824 16 1
1062274000 13 223246272 16 1
1062330000 13 269100400 16 1
1062524000 13 191207888 16 1
1064332000 13 196470736 16 1
1064470000 13 93517568 16 0
1064866000 13 171419200 16 0
1065053000 13 157254880 16 1
1065109000 13 260227680 16 1
1065472000 13 90805872 16 1
1065942000 13 378240560 16 0
1065966000 13 351124112 16 1
1067413000 13 189751360 16 1
1067762000 13 241373200 16 1
1067818000 13 189954496 16 1
1068569000 13 193599808 16 1
1068898000 13 165975744 16 1
1068969000 13 238186768 16 1
1069029000 13 339621552 16 1
1069136000 13 362815376 16 1
1069194000 13 228941088 16 1
1069474000 13 173498304 16 0
1069730000 13 167642128 16 0
1069803000 13 344452832 16 0
1070127000 13 204276288 16 1
1070856000 13 372680896 16 1
1071226000 13 344996080 16 1
1071327000 13 91470352 16 1
1071826000 13 256915088 16 1
1072079000 13 206450000 16 1
1072139000 13 246803008 16 1
1072502000 13 211499664 16 1
1072564000 13 158690512 16 1
1072942000 13 188694544 16 1
1073168000 13 202788496 16 1
1073229000 13 273172496 16 1
1073500000 13 198894976 16 0
1073522000 13 180432512 16 0
1073816000 13 174197664 16 0
1074150000 13 156513520 16 1
1074434000 13 315494608 16 0
1074581000 13 286155552 16 1
1074907000 13 334585440 16 0
1075020000 13 214341216 16 1
1075119000 13 273420960 16 1
1075468000 13 373556736 16 0
1076224000 13 280608960 16 1
1076572000 13 90905312 16 1
1076781000 13 7537216 16 1
1076846000 13 279599520 16 1
1076905000 13 158174608 16 1
1077270000 13 94774256 16 0
1077463000 13 343174272 16 1
1077516000 13 372805920 16 1
1077583000 13 279499168 16 1
1077606000 13 189067072 16 0
1077979000 13 214005344 16 0
1078108000 13 193355712 16 1
1078217000 13 199388176 16 1
1078422000 13 320775904 16 0
1078774000 13 310755936 16 1
1078833000 13 98999328 16 1
1079134000 13 157232352 16 0
1079145000 13 220251712 16 0
1079155000 13 99057920 16 1
1080328000 13 372355408 16 1
1080800000 13 371035424 16 1
1081094000 13 222358448 16 1
1081106000 13 206082320 16 0
1081492000 13 251291072 16 1
1081556000 13 359794688 16 1
1081612000 13 291264240 16 1
1081778000 13 371422800 16 1
1082093000 13 191944768 16 0
1082432000 13 192486704 16 1
1082767000 13 361441664 16 1
1083328000 13 363237712 16 1
1083514000 13 257707056 16 1
1083584000 13 233343536 16 1
1084069000 13 162624816 16 1
1084186000 13 203971744 16 1
1084565000 13 98940080 16 1
1084871000 13 251450672 16 0
1084942000 13 93064112 16 1
1084999000 13 353665440 16 1
1085303000 13 324075024 16 0
1085353000 13 192480816 16 0
1085673000 13 249120192 16 1
1085731000 13 170415936 16 1
1085743000 13 256209552 16 0
1085755000 13 305371152 16 0
1085945000 13 254709184 16 0
1086861000 13 197492032 16 1
1087288000 13 315193952 16 1
1087351000 13 316472992 16 1
1087541000 13 272127984 16 1
1087599000 13 296501408 16 1
1087655000 13 91904832 16 1
1088051000 13 92928656 16 0
1088062000 13 173164096 16 0
1088072000 13 178781216 16 0
1088465000 13 361798032 16 1
1088528000 13 374064016 16 1
1088582000 13 183404272 16 1
1089150000 13 377576320 16 1
1089522000 13 345778480 16 0
1089651000 13 376507376 16 1
1089757000 13 343473264 16 1
1090032000 13 370585888 16 1
1090762000 13 97953936 16 0
1091220000 13 237083488 16 1
1091278000 13 342369504 16 1
1091415000 13 94537104 16 1
1092550000 13 91494448 16 1
1092607000 13 375023328 16 1
1092659000 13 94636144 16 1
1093035000 13 292661040 16 1
1093208000 13 251219920 16 1
1093756000 13 359068736 16 1
1093809000 13 208259440 16 1
1094283000 13 240067872 16 1
1094469000 13 375267168 16 1
1094889000 13 360623472 16 1
1095316000 13 343179504 16 0
1095977000 13 291642688 16 1
1096554000 13 361705808 16 1
1096880000 13 156198336 16 0
1097182000 13 197393392 16 1
1097532000 13 213767728 16 0
1097746000 13 366267600 16 1
1097810000 13 352884432 16 1
1098208000 13 221036544 16 1
1098708000 13 168124560 16 1
1099021000 13 233218448 16 1
1099069000 13 264377168 32 0
1100056000 13 227944080 16 0
1100107000 13 374933344 16 0
1100688000 13 325967792 16 1
1100749000 13 175637888 16 1
1100806000 13 97746704 16 1
1100856000 13 359388512 16 1
1101812000 13 303697968 16 1
1101870000 13 325967968 16 1
1102689000 13 279743440 16 0
1102860000 13 345947712 16 1
1102932000 13 227934432 16 1
1103011000 13 99031920 16 1
1103097000 13 309772256 16 1
1103163000 13 360199360 16 1
1103222000 13 320733600 16 1
1104796000 13 261369024 16 1
1105051000 13 164658352 16 0
1105661000 13 98859952 16 1
1106919000 13 207757408 16 1
1107237000 13 265946272 16 1
1107289000 13 261604288 16 1
1108440000 13 233149104 16 0
1108621000 13 237084384 16 1
1108694000 13 345563568 16 1
1108724000 13 344951088 16 1
1108779000 13 309544240 16 1
1109305000 13 350132912 16 1
1109765000 13 99058240 16 1
1111586000 13 375059040 16 0
1111602000 13 167851040 16 1
1112072000 13 189982368 16 0
1112087000 13 211219520 16 1
1112333000 13 269722176 16 1
1113035000 13 205694720 16 1
1113203000 13 92534176 16 1
1113684000 13 271023328 16 1
1113742000 13 326722080 16 1
1113982000 13 154009840 16 1
1115186000 13 94824368 16 1
1116430000 13 337687056 16 1
1116483000 13 339229376 16 1
1116772000 13 168013696 16 1
1116890000 13 197603632 16 0
1116957000 13 358239936 16 0
1117102000 13 94438688 16 1
1117267000 13 167645808 16 0
1117281000 13 209012240 16 0
1117379000 13 95755280 16 1
1117463000 13 365551008 16 1
1118404000 13 155521952 16 0
1118731000 13 187378464 16 0
1118972000 13 174700464 16 0
1119236000 13 218923472 16 1
1119307000 13 206572496 16 1
1119365000 13 239170288 16 1
1119425000 13 186256640 16 0
1119432000 13 344976960 16 0
1119440000 13 250984944 16 1
1119705000 13 202432464 16 1
1121021000 13 368677808 16 0
1121150000 13 314697024 16 1
1121206000 13 212106880 16 1
1121262000 13 181006576 16 1
1121774000 13 193325344 16 1
1121824000 13 203816512 16 1
1122090000 13 238284224 16 0
1122393000 13 208262080 16 1
1122448000 13 231591536 16 1
1122466000 13 329099056 16 0
1122908000 13 334052720 16 0
1122920000 13 329997344 16 0
1122931000 13 171389296 16 1
1123243000 13 217781760 16 0
1123255000 13 213212016 16 1
1123552000 13 179882608 16 1
1124089000 13 301109264 16 0
1124161000 13 227209968 16 1
1124397000 13 241831248 16 0
1124506000 13 163308048 16 0
1124573000 13 189006320 16 1
1125088000 13 156586352 16 1
1125469000 13 247919344 16 1
1125577000 13 226635408 16 1
1125641000 13 208153840 16 1
1125755000 13 231536960 16 0
1125810000 13 224228128 32 0
1125998000 13 349088048 16 1
1126054000 13 252760576 16 1
1126956000 13 94953248 16 1
1127190000 13 252740720 16 1
1127248000 13 375381328 16 1
1128180000 13 231358016 16 1
1128740000 13 171458032 16 1
1129188000 13 331963456 16 0
1129199000 13 95660544 16 0
1129838000 13 251678320 16 0
1130361000 13 289220464 16 1
1130641000 13 350415312 16 1
1131092000 13 217285568 16 1
1131144000 13 230050992 16 1
1131223000 13 210856192 16 1
1131538000 13 227430272 16 1
1131636000 13 338267744 16 1
1131963000 13 231111472 16 0
1132065000 13 366148352 16 0
1132275000 13 182667888 16 0
1132290000 13 348694160 16 1
1132795000 13 243017408 16 1
1132809000 13 291530224 16 0
1133039000 13 95861904 16 0
1133224000 13 99396912 16 1
1133445000 13 376639648 16 0
1133667000 13 201909136 16 1
1133723000 13 353850208 16 1
1133782000 13 284389824 16 1
1134017000 13 171013472 16 1
1134151000 13 246646000 16 1
1134207000 13 94052640 16 1
1134543000 13 282898048 16 1
1135380000 13 227361376 16 1
1135442000 13 249418816 16 1
1136027000 13 233532224 16 0
1136200000 13 264374192 16 1
1136718000 13 237894240 16 0
1136955000 13 328413952 16 0
1137111000 13 193646912 16 0
1137134000 13 351873184 16 0
1137140000 13 236443584 16 1
1137160000 13 94923808 16 0
1137299000 13 208166672 16 0
1137719000 13 225994304 16 0
1137733000 13 285587840 16 0
1137851000 13 279418640 16 1
1137902000 13 329583488 16 1
1137962000 13 158649648 16 1
1138565000 13 232333424 16 0
1139213000 13 227547408 16 1
1139269000 13 212685008 16 1
1139325000 13 337414592 16 1
1139783000 13 177321120 16 1
1140230000 13 233753472 16 1
1140284000 13 193507024 16 1
1141265000 13 321374544 16 1
1141323000 13 294563024 16 1
1141440000 13 231924144 16 1
1141770000 13 325493440 16 0
1141848000 13 345449344 32 0
1141868000 13 220586688 16 1
1142163000 13 252212864 16 0
1142539000 13 344596928 16 1
1143207000 13 94895824 16 1
1143379000 13 345074192 16 1
1143437000 13 169780800 16 1
1143780000 13 93344688 16 0
1144025000 13 317139088 16 0
1144315000 13 289440080 16 1
1144373000 13 190878352 16 0
1144394000 13 224769776 16 1
1144991000 13 164495088 16 1
1145339000 13 220426096 16 1
1145396000 13 361858240 16 1
1145722000 13 300893424 16 1
1145785000 13 246177744 16 0
1145798000 13 228992896 16 0
1145811000 13 372652752 16 1
1146138000 13 188067264 16 1
1146343000 13 222283136 16 0
1146575000 13 181162400 16 1
1146625000 13 343764896 16 1
1146988000 13 339415360 16 1
1147042000 13 317119216 16 1
1147821000 13 359689200 16 1
1148048000 13 210644672 16 1
1148285000 13 343802224 16 1
1148746000 13 167988640 16 0
1149124000 13 167546080 16 1
1149138000 13 194983248 16 0
1149264000 13 334884848 16 1
1149447000 13 93701680 16 1
1149843000 13 96108656 16 1
1151358000 13 299962032 16 1
1151841000 13 358528976 16 1
1152121000 13 205654240 16 1
1152532000 13 92801264 16 0
1152673000 13 10789424 16 1
1152726000 13 330264208 16 1
1153504000 13 235973568 16 0
1154226000 13 221443520 16 0
1155047000 13 300039408 16 1
1155458000 13 233338528 16 1
1155509000 13 184075104 16 1
1155694000 13 326511984 16 0
1155883000 13 178820384 16 1
1156189000 13 304665728 16 1
1156620000 13 220935168 16 1
1156719000 13 345958032 16 1
1157153000 13 159083264 16 0
1157520000 13 241850944 16 1
1157571000 13 222349248 16 1
1157599000 13 210506304 16 0
1157859000 13 232962144 16 1
1157886000 13 203886800 16 0
1157933000 13 163863664 16 0
1158029000 13 232319232 16 1
1158080000 13 343984288 16 1
1158468000 13 326651072 16 1
1158950000 13 296386592 16 0
1159322000 13 179489280 16 1
1160051000 13 198006160 16 1
1160599000 13 339394448 16 0
1160644000 13 96517536 16 0
1160776000 13 171153728 16 1
1160829000 13 374618688 16 1
1161076000 13 340038912 16 0
1161240000 13 200406288 16 1
1161476000 13 20931888 16 1
1161644000 13 305674816 16 1
1161938000 13 167937664 16 1
1162223000 13 262525024 16 1
1162462000 13 183913520 16 1
1162551000 13 291178960 16 1
1162690000 13 352367040 16 1
1162971000 13 92358048 16 0
1163321000 13 167937936 16 1
1163632000 13 93545120 16 0
1163647000 13 174152896 16 1
1164145000 13 290363968 16 1
1164304000 13 289647520 16 0
1165359000 13 346274880 16 1
1165899000 13 200671584 16 0
1166484000 13 346104336 16 1
1167634000 13 324939072 16 1
1167710000 13 361021984 16 1
1167762000 13 163231216 16 1
1167837000 13 161252080 16 1
1167911000 13 247972928 16 1
1168155000 13 204209344 16 0
1168349000 13 170329712 16 0
1168478000 13 165462048 16 1
1168536000 13 181696432 16 1
1168590000 13 298617248 16 1
1169040000 13 18168880 16 1
1169548000 13 252220320 16 1
1169897000 13 249532144 16 1
1170245000 13 212508704 16 1
1171606000 13 234613360 16 1
1171665000 13 188913184 16 0
1171681000 13 161743904 16 1
1171934000 13 268916144 16 1
1172420000 13 237898224 16 0
1173100000 13 225134496 16 1
1173159000 13 346138992 16 1
1173213000 13 199211120 16 1
1173268000 13 278302448 16 1
1173545000 13 236567184 16 1
1174104000 13 354027472 16 0
1174228000 13 364969280 16 1
1175513000 13 280134048 16 1
1175572000 13 232808096 16 1
1175905000 13 160160272 16 0
1176234000 13 247158176 16 1
1176548000 13 168446352 16 0
1176784000 13 296774512 16 0
1176963000 13 232266848 16 1
1177034000 13 290319456 16 1
1177314000 13 94245872 16 0
1177468000 13 361853360 16 1
1177559000 13 267903520 16 1
1177877000 13 350583600 16 1
1177979000 13 286433008 16 1
1179070000 13 308660512 16 1
1179133000 13 357241712 16 1
1179561000 13 90755600 16 0
1179750000 13 163225104 16 1
1180132000 13 165070784 16 1
1180196000 13 310746608 16 1
1180252000 13 193815600 16 0
1180266000 13 343681248 16 1
1180633000 13 273349136 16 0
1180752000 13 281038240 16 1
1181279000 13 215082720 16 1
1181325000 13 245643328 16 1
1182205000 13 202560080 16 1
1182255000 13 169050208 16 0
1182507000 13 327326144 16 0
1182764000 13 93210192 16 0
1183077000 13 195636576 16 1
1183263000 13 200407232 16 1
1183679000 13 222082992 16 1
1183736000 13 182749600 16 1
1183796000 13 212511360 16 0
1183809000 13 92713744 16 0
1183813000 13 159267552 16 1
1184962000 13 346386992 16 1
1185024000 13 362931568 16 1
1185264000 13 193649904 16 0
1185427000 13 346364768 16 1
1185614000 13 358843664 16 1
1185672000 13 360791072 16 1
1186521000 13 155268480 16 1
1186790000 13 291559360 16 0
1186829000 13 212706016 16 0
1186923000 13 92994368 16 0
1186999000 13 166272448 16 0
1187468000 13 322081696 16 1
1187524000 13 93109776 16 1
1188318000 13 159490912 16 1
1188585000 13 347786256 16 0
1188799000 13 162279264 16 1
1189285000 13 95481712 16 1
1189354000 13 325355552 16 0
1189434000 13 350240656 16 0
1190949000 13 35445104 16 1
1191007000 13 362255696 16 1
1191068000 13 259402304 16 0
1191091000 13 371944256 16 1
1191403000 13 350287264 16 0
1191417000 13 163501488 16 0
1192023000 13 329104160 16 1
1192281000 13 218378736 16 1
1192412000 13 296424144 16 1
1192533000 13 92600560 16 1
1192927000 13 307775008 16 1
1192982000 13 368390048 16 1
1193113000 13 286175104 16 0
1193128000 13 301202288 16 1
1193679000 13 193812160 16 0
1193956000 13 168821584 16 0
1194751000 13 201632352 16 0
1194768000 13 374734608 16 0
1194866000 13 376238048 16 1
1195132000 13 170321648 16 1
1195551000 13 269247360 16 0
1195609000 13 206348336 16 0
1195841000 13 173361440 16 1
1196199000 13 93276016 16 0
1196206000 13 93048672 16 0
1196327000 13 182750784 16 1
1196626000 13 320197168 16 1
1196720000 13 182990944 16 1
1196854000 13 99343376 16 0
1197063000 13 293790368 16 0
1197906000 13 353778224 16 1
1197965000 13 370295664 16 1
1198043000 13 299605312 16 1
1198157000 13 285169440 16 1
1198194000 13 270810608 16 0
1198332000 13 350939632 16 1
1198494000 13 94627424 16 1
1198891000 13 159104384 16 1
1199185000 13 194094256 16 1
1199605000 13 94068416 16 1
1199866000 13 169802400 16 0
1200407000 13 161603456 16 1
1202360000 13 184503600 16 1
1203052000 13 203144192 16 0
1203066000 13 368153952 16 1
1203700000 13 16296048 16 0
1203894000 13 310100432 16 0
1204001000 13 235977904 16 1
1204130000 13 376048800 16 1
1205467000 13 366680176 16 1
1205645000 13 322851968 16 1
1205856000 13 183885792 16 0
1205902000 13 224937824 16 0
1206362000 13 92249920 16 1
1207119000 13 217097280 16 1
1207174000 13 93575744 16 1
1207773000 13 262595840 16 1
1208189000 13 159054368 16 1
1208514000 13 165060528 16 1
1208582000 13 99163920 16 1
1209792000 13 220635120 16 1
1210093000 13 92161200 16 0
1210164000 13 270930688 16 1
1210399000 13 266790176 16 0
1210415000 13 252260592 16 1
1210523000 13 93454624 16 1
1210790000 13 250191248 16 1
1211063000 13 338208512 16 0
1211225000 13 177315600 16 1
1211996000 13 219636080 16 1
1212309000 13 199957152 16 1
1212373000 13 202169376 16 1
1212704000 13 345237456 16 1
1212809000 13 329184656 16 0
1212904000 13 211031072 16 1
1213420000 13 215106000 16 1
1213667000 13 227518736 16 1
1213724000 13 171237312 16 1
1214172000 13 318795056 16 0
1214295000 13 307740448 16 1
1214559000 13 210025824 16 0
1214769000 13 251288160 16 1
1215262000 13 366154704 16 1
1215322000 13 212096832 16 1
1215382000 13 282793120 16 1
1215511000 13 345797648 16 1
1215664000 13 207737424 16 0
1215983000 13 173466448 16 0
1216010000 13 308211040 16 0
1216693000 13 26272688 16 0
1217051000 13 238040000 16 0
1217416000 13 310525808 16 1
1217447000 13 338881984 16 1
1218085000 13 203022112 16 1
1218563000 13 270496960 16 1
1218907000 13 290904896 16 1
1219698000 13 169518672 16 0
1219762000 13 367394000 16 0
1219888000 13 180548704 16 1
1220184000 13 94390416 16 0
1220476000 13 173845824 16 1
1220535000 13 162166432 16 1
1220942000 13 212024672 16 1
1221116000 13 239438912 16 1
1221492000 13 280738496 16 1
1222084000 13 179783440 16 1
1222141000 13 228387840 16 1
1222484000 13 318343776 16 0
1222616000 13 223398400 16 1
1222911000 13 93017552 16 0
1223059000 13 282996928 16 1
1223111000 13 314515680 16 1
1223168000 13 185577184 16 1
1223223000 13 239611360 16 1
1224005000 13 162062544 16 0
1224230000 13 172317632 16 1
1224286000 13 364201216 16 1
1224774000 13 172812352 16 1
1224814000 13 5390112 16 1
1225173000 13 343763824 16 1
1225357000 13 272014432 16 1
1225663000 13 199537552 16 1
1225845000 13 373214016 16 1
1226160000 13 271834432 16 1
1226565000 13 171356208 16 1
1226841000 13 195501792 16 1
1226902000 13 210634576 16 0
1226917000 13 198123712 16 1
1227238000 13 212041216 16 1
1227774000 13 161805216 16 1
1227835000 13 349837728 16 1
1228600000 13 203727520 16 1
1228655000 13 191789664 16 1
1229205000 13 260138400 16 1
1229694000 13 177372000 16 1
1229986000 13 365654944 16 1
1230572000 13 167333952 16 1
1230671000 13 175021248 16 1
1231103000 13 315786976 16 1
1231162000 13 362928112 16 1
1231784000 13 213547200 16 1
1232638000 13 164150192 16 0
1232797000 13 340824480 16 1
1233171000 13 91178272 16 0
1233428000 13 332124400 16 0
1233781000 13 207815488 16 0
1234605000 13 307290368 16 1
1234647000 13 94030000 16 0
1234878000 13 321335040 16 1
1235270000 13 222473984 16 1