// comment line should satrt with "//"
// arival time | streamID | start_LBA | page count | read(1)/write(0)
// I don't know what the second column is... just set to 1
938513000 1 1073741824 16 0
938828000 1 805306368 16 0
938944000 1 1879048192 32 0
939010000 1 2147483648 16 0
939044000 1 1879310336 32 0
939089000 1 805306368 32 0
939285000 1 2147614720 8 0
939292000 1 2147876864 32 0
939592000 1 2148139008 32 0
939685000 1 1879572480 16 0
939721000 1 1879703552 16 0
939803000 1 1073872896 32 0
939855000 1 1879834624 32 0
939884000 1 1074135040 16 0
939895000 1 1880096768 8 0
939909000 1 1880162304 16 0
939985000 1 805437440 16 0
940052000 1 1880293376 32 0
940088000 1 1880555520 32 0
940121000 1 1880817664 8 0
940131000 1 1880883200 32 0
940266000 1 805568512 16 0
940492000 1 1881145344 32 0
940500000 1 1881407488 16 0
940523000 1 1881538560 32 0
940824000 1 1881800704 8 0
940833000 1 2148270080 16 0
940888000 1 1881866240 16 0
940888000 1 1881997312 32 0
940900000 1 1882259456 32 0
940908000 1 1882521600 16 0
940970000 1 2148401152 16 0
941044000 1 1882652672 8 0
941111000 1 805699584 16 0
941146000 1 1882718208 8 0
941204000 1 1882783744 16 0
941267000 1 1882914816 16 0
941320000 1 1883045888 32 0
941495000 1 1883308032 16 0
941559000 1 1883439104 32 0
941564000 1 2148532224 32 0
941594000 1 2148794368 8 0
941613000 1 1883701248 8 0
941623000 1 805830656 8 0
941716000 1 805896192 16 0
941727000 1 806027264 32 0
941731000 1 806158336 16 0
941764000 1 806223872 8 0
941783000 1 806354944 16 0
941784000 1 1883766784 16 0